  duration.cpp
..\ros_lib\duration.cpp(75): warning C4244: “*=”: 从“double”转换到“int32_t”，可能丢失数据
..\ros_lib\duration.cpp(76): warning C4244: “*=”: 从“double”转换到“int32_t”，可能丢失数据
  time.cpp
  WindowsSocket.cpp
..\ros_lib\WindowsSocket.cpp(136): warning C4267: “初始化”: 从“size_t”转换到“int”，可能丢失数据
  rosserial_win_ros.cpp
c:\users\agui\desktop\zju-scan-test\win-ros\ros_lib\rosserial_msgs/TopicInfo.h(44): warning C4267: “初始化”: 从“size_t”转换到“uint32_t”，可能丢失数据
c:\users\agui\desktop\zju-scan-test\win-ros\ros_lib\rosserial_msgs/TopicInfo.h(49): warning C4267: “初始化”: 从“size_t”转换到“uint32_t”，可能丢失数据
c:\users\agui\desktop\zju-scan-test\win-ros\ros_lib\rosserial_msgs/TopicInfo.h(54): warning C4267: “初始化”: 从“size_t”转换到“uint32_t”，可能丢失数据
c:\users\agui\desktop\zju-scan-test\win-ros\ros_lib\rosserial_msgs/Log.h(34): warning C4267: “初始化”: 从“size_t”转换到“uint32_t”，可能丢失数据
c:\users\agui\desktop\zju-scan-test\win-ros\ros_lib\rosserial_msgs/RequestParam.h(26): warning C4267: “初始化”: 从“size_t”转换到“uint32_t”，可能丢失数据
c:\users\agui\desktop\zju-scan-test\win-ros\ros_lib\rosserial_msgs/RequestParam.h(114): warning C4267: “初始化”: 从“size_t”转换到“uint32_t”，可能丢失数据
C:\Users\agui\Desktop\zju-scan-test\win-ros\ros_lib\std_msgs/Header.h(45): warning C4267: “初始化”: 从“size_t”转换到“uint32_t”，可能丢失数据
C:\Users\agui\Desktop\zju-scan-test\win-ros\ros_lib\sensor_msgs/JointState.h(48): warning C4267: “初始化”: 从“size_t”转换到“uint32_t”，可能丢失数据
C:\Users\agui\Desktop\zju-scan-test\win-ros\ros_lib\sensor_msgs/MultiDOFJointState.h(51): warning C4267: “初始化”: 从“size_t”转换到“uint32_t”，可能丢失数据
C:\Users\agui\Desktop\zju-scan-test\win-ros\ros_lib\object_recognition_msgs/ObjectType.h(27): warning C4267: “初始化”: 从“size_t”转换到“uint32_t”，可能丢失数据
C:\Users\agui\Desktop\zju-scan-test\win-ros\ros_lib\object_recognition_msgs/ObjectType.h(32): warning C4267: “初始化”: 从“size_t”转换到“uint32_t”，可能丢失数据
C:\Users\agui\Desktop\zju-scan-test\win-ros\ros_lib\moveit_msgs/CollisionObject.h(66): warning C4267: “初始化”: 从“size_t”转换到“uint32_t”，可能丢失数据
C:\Users\agui\Desktop\zju-scan-test\win-ros\ros_lib\trajectory_msgs/JointTrajectory.h(41): warning C4267: “初始化”: 从“size_t”转换到“uint32_t”，可能丢失数据
C:\Users\agui\Desktop\zju-scan-test\win-ros\ros_lib\moveit_msgs/AttachedCollisionObject.h(37): warning C4267: “初始化”: 从“size_t”转换到“uint32_t”，可能丢失数据
C:\Users\agui\Desktop\zju-scan-test\win-ros\ros_lib\moveit_msgs/AttachedCollisionObject.h(48): warning C4267: “初始化”: 从“size_t”转换到“uint32_t”，可能丢失数据
C:\Users\agui\Desktop\zju-scan-test\win-ros\ros_lib\moveit_msgs/ObjectColor.h(28): warning C4267: “初始化”: 从“size_t”转换到“uint32_t”，可能丢失数据
C:\Users\agui\Desktop\zju-scan-test\win-ros\ros_lib\trajectory_msgs/MultiDOFJointTrajectory.h(41): warning C4267: “初始化”: 从“size_t”转换到“uint32_t”，可能丢失数据
C:\Users\agui\Desktop\zju-scan-test\win-ros\ros_lib\moveit_msgs/DisplayTrajectory.h(33): warning C4267: “初始化”: 从“size_t”转换到“uint32_t”，可能丢失数据
C:\Users\agui\Desktop\zju-scan-test\win-ros\ros_lib\actionlib_msgs/GoalID.h(38): warning C4267: “初始化”: 从“size_t”转换到“uint32_t”，可能丢失数据
C:\Users\agui\Desktop\zju-scan-test\win-ros\ros_lib\actionlib_msgs/GoalStatus.h(43): warning C4267: “初始化”: 从“size_t”转换到“uint32_t”，可能丢失数据
  stdafx.cpp
  正在生成代码
  All 373 functions were compiled because no usable IPDB/IOBJ from previous compilation was found.
  已完成代码的生成
  win-ros.vcxproj -> C:\Users\agui\Desktop\zju-scan-test\win-ros\x64\Release\win-ros.exe
  win-ros.vcxproj -> C:\Users\agui\Desktop\zju-scan-test\win-ros\x64\Release\win-ros.pdb (Full PDB)
